26-01-07.20:35:58.171 [main            ] INFO  Application            - Starting Application using Java 1.8.0_51 on LAPTOP-LT6J3I77 with PID 11936 (F:\pintuanmaster\From2-9\group-buy-market\group-buy-market-app\target\classes started by 王庆归 in F:\pintuanmaster\From2-9\group-buy-market)
26-01-07.20:35:58.175 [main            ] INFO  Application            - The following 1 profile is active: "dev"
26-01-07.20:36:02.338 [main            ] INFO  RepositoryConfigurationDelegate - Multiple Spring Data modules found, entering strict repository configuration mode
26-01-07.20:36:02.342 [main            ] INFO  RepositoryConfigurationDelegate - Bootstrapping Spring Data Redis repositories in DEFAULT mode.
26-01-07.20:36:02.427 [main            ] INFO  RepositoryConfigurationDelegate - Finished Spring Data repository scanning in 50 ms. Found 0 Redis repository interfaces.
26-01-07.20:36:03.300 [main            ] INFO  PostProcessorRegistrationDelegate$BeanPostProcessorChecker - Bean 'redisClientConfig' of type [cn.bugstack.config.RedisClientConfig$$EnhancerBySpringCGLIB$$633f8006] is not eligible for getting processed by all BeanPostProcessors (for example: not eligible for auto-proxying)
26-01-07.20:36:03.928 [main            ] INFO  PostProcessorRegistrationDelegate$BeanPostProcessorChecker - Bean 'redis.sdk.config-cn.bugstack.config.RedisClientConfigProperties' of type [cn.bugstack.config.RedisClientConfigProperties] is not eligible for getting processed by all BeanPostProcessors (for example: not eligible for auto-proxying)
26-01-07.20:36:06.003 [main            ] INFO  Version                - Redisson 3.26.0
26-01-07.20:36:07.841 [redisson-netty-1-4] INFO  ConnectionsHolder      - 1 connections initialized for 127.0.0.1/127.0.0.1:16379
26-01-07.20:36:07.868 [redisson-netty-1-13] INFO  ConnectionsHolder      - 5 connections initialized for 127.0.0.1/127.0.0.1:16379
26-01-07.20:36:07.964 [main            ] INFO  PostProcessorRegistrationDelegate$BeanPostProcessorChecker - Bean 'redissonClient' of type [org.redisson.Redisson] is not eligible for getting processed by all BeanPostProcessors (for example: not eligible for auto-proxying)
26-01-07.20:36:08.674 [main            ] INFO  TomcatWebServer        - Tomcat initialized with port(s): 8091 (http)
26-01-07.20:36:08.691 [main            ] INFO  Http11NioProtocol      - Initializing ProtocolHandler ["http-nio-8091"]
26-01-07.20:36:08.691 [main            ] INFO  StandardService        - Starting service [Tomcat]
26-01-07.20:36:08.691 [main            ] INFO  StandardEngine         - Starting Servlet engine: [Apache Tomcat/9.0.75]
26-01-07.20:36:09.064 [main            ] INFO  [/]                    - Initializing Spring embedded WebApplicationContext
26-01-07.20:36:09.064 [main            ] INFO  ServletWebServerApplicationContext - Root WebApplicationContext: initialization completed in 10672 ms
26-01-07.20:36:13.955 [main            ] INFO  EndpointLinksResolver  - Exposing 1 endpoint(s) beneath base path '/actuator'
26-01-07.20:36:13.989 [main            ] INFO  Http11NioProtocol      - Starting ProtocolHandler ["http-nio-8091"]
26-01-07.20:36:14.021 [main            ] INFO  TomcatWebServer        - Tomcat started on port(s): 8091 (http) with context path ''
26-01-07.20:36:14.047 [main            ] INFO  Application            - Started Application in 17.592 seconds (JVM running for 19.822)
26-01-07.20:36:15.015 [scheduling-1    ] INFO  TradeSettlementOrderService - 拼团交易-执行结算通知任务
26-01-07.20:36:15.086 [scheduling-1    ] INFO  HikariDataSource       - HikariPool-1 - Starting...
26-01-07.20:36:15.541 [scheduling-1    ] INFO  HikariDataSource       - HikariPool-1 - Start completed.
26-01-07.20:36:15.911 [scheduling-1    ] INFO  GroupBuyNotifyJob      - 定时任务，回调通知拼团完结任务 result:{"retryCount":0,"successCount":0,"waitCount":0,"errorCount":0}
26-01-07.20:36:30.010 [scheduling-1    ] INFO  TradeSettlementOrderService - 拼团交易-执行结算通知任务
26-01-07.20:36:30.014 [scheduling-1    ] INFO  GroupBuyNotifyJob      - 定时任务，回调通知拼团完结任务 result:{"retryCount":0,"successCount":0,"waitCount":0,"errorCount":0}
26-01-07.20:36:45.001 [scheduling-1    ] INFO  TradeSettlementOrderService - 拼团交易-执行结算通知任务
26-01-07.20:36:45.004 [scheduling-1    ] INFO  GroupBuyNotifyJob      - 定时任务，回调通知拼团完结任务 result:{"retryCount":0,"successCount":0,"waitCount":0,"errorCount":0}
26-01-07.20:37:00.012 [scheduling-1    ] INFO  TradeSettlementOrderService - 拼团交易-执行结算通知任务
26-01-07.20:37:00.018 [scheduling-1    ] INFO  GroupBuyNotifyJob      - 定时任务，回调通知拼团完结任务 result:{"retryCount":0,"successCount":0,"waitCount":0,"errorCount":0}
26-01-07.20:37:15.003 [scheduling-1    ] INFO  TradeSettlementOrderService - 拼团交易-执行结算通知任务
26-01-07.20:37:15.007 [scheduling-1    ] INFO  GroupBuyNotifyJob      - 定时任务，回调通知拼团完结任务 result:{"retryCount":0,"successCount":0,"waitCount":0,"errorCount":0}
26-01-07.20:37:30.012 [scheduling-1    ] INFO  TradeSettlementOrderService - 拼团交易-执行结算通知任务
26-01-07.20:37:30.016 [scheduling-1    ] INFO  GroupBuyNotifyJob      - 定时任务，回调通知拼团完结任务 result:{"retryCount":0,"successCount":0,"waitCount":0,"errorCount":0}
26-01-07.20:37:45.002 [scheduling-1    ] INFO  TradeSettlementOrderService - 拼团交易-执行结算通知任务
26-01-07.20:37:45.006 [scheduling-1    ] INFO  GroupBuyNotifyJob      - 定时任务，回调通知拼团完结任务 result:{"retryCount":0,"successCount":0,"waitCount":0,"errorCount":0}
26-01-07.20:38:00.006 [scheduling-1    ] INFO  TradeSettlementOrderService - 拼团交易-执行结算通知任务
26-01-07.20:38:00.009 [scheduling-1    ] INFO  GroupBuyNotifyJob      - 定时任务，回调通知拼团完结任务 result:{"retryCount":0,"successCount":0,"waitCount":0,"errorCount":0}
26-01-07.20:38:14.055 [http-nio-8091-exec-1] INFO  [/]                    - Initializing Spring DispatcherServlet 'dispatcherServlet'
26-01-07.20:38:14.055 [http-nio-8091-exec-1] INFO  DispatcherServlet      - Initializing Servlet 'dispatcherServlet'
26-01-07.20:38:14.057 [http-nio-8091-exec-1] INFO  DispatcherServlet      - Completed initialization in 2 ms
26-01-07.20:38:14.361 [http-nio-8091-exec-1] INFO  MarketIndexController  - 查询拼团营销配置开始:xfg01 goodsId:9890001
26-01-07.20:38:14.394 [http-nio-8091-exec-1] INFO  RootNode               - 拼团商品查询试算服务-RootNode userId:xfg01 requestParameter:{"channel":"c01","goodsId":"9890001","source":"s01","userId":"xfg01"}
26-01-07.20:38:14.395 [http-nio-8091-exec-1] INFO  SwitchNode             - 拼团商品查询试算服务-SwitchNode userId:xfg01 requestParameter:{"channel":"c01","goodsId":"9890001","source":"s01","userId":"xfg01"}
26-01-07.20:38:14.506 [http-nio-8091-exec-1] INFO  MarketNode             - 拼团商品查询试算服务-MarketNode userId:xfg01 异步线程加载数据「GroupBuyActivityDiscountVO、SkuVO」完成
26-01-07.20:38:14.506 [http-nio-8091-exec-1] INFO  MarketNode             - 拼团商品查询试算服务-MarketNode userId:xfg01 requestParameter:{"channel":"c01","goodsId":"9890001","source":"s01","userId":"xfg01"}
26-01-07.20:38:14.507 [http-nio-8091-exec-1] INFO  MJCalculateService     - 优惠策略折扣计算:0
26-01-07.20:38:14.507 [http-nio-8091-exec-1] INFO  MJCalculateService     - 满减优惠计算：marketExpr=100,10
26-01-07.20:38:14.534 [http-nio-8091-exec-1] INFO  EndNode                - 拼团商品查询试算服务-EndNode userId:xfg01 requestParameter:{"channel":"c01","goodsId":"9890001","source":"s01","userId":"xfg01"}
26-01-07.20:38:14.864 [http-nio-8091-exec-1] ERROR MarketIndexController  - 查询拼团营销配置失败:xfg01 goodsId:9890001
org.springframework.jdbc.BadSqlGrammarException: 
### Error querying database.  Cause: java.sql.SQLSyntaxErrorException: Expression #1 of SELECT list is not in GROUP BY clause and contains nonaggregated column 'group_buy_market.group_buy_order_list.user_id' which is not functionally dependent on columns in GROUP BY clause; this is incompatible with sql_mode=only_full_group_by
### The error may exist in file [F:\pintuanmaster\From2-9\group-buy-market\group-buy-market-app\target\classes\mybatis\mapper\group_buy_order_list_mapper.xml]
### The error may involve cn.bugstack.infrastructure.dao.IGroupBuyOrderListDao.queryInProgressUserGroupBuyOrderDetailListByActivityId-Inline
### The error occurred while setting parameters
### SQL: select user_id, team_id, out_trade_no         from group_buy_order_list         where activity_id = ? and status in (0, 1)         group by team_id
### Cause: java.sql.SQLSyntaxErrorException: Expression #1 of SELECT list is not in GROUP BY clause and contains nonaggregated column 'group_buy_market.group_buy_order_list.user_id' which is not functionally dependent on columns in GROUP BY clause; this is incompatible with sql_mode=only_full_group_by
; bad SQL grammar []; nested exception is java.sql.SQLSyntaxErrorException: Expression #1 of SELECT list is not in GROUP BY clause and contains nonaggregated column 'group_buy_market.group_buy_order_list.user_id' which is not functionally dependent on columns in GROUP BY clause; this is incompatible with sql_mode=only_full_group_by
	at org.springframework.jdbc.support.SQLExceptionSubclassTranslator.doTranslate(SQLExceptionSubclassTranslator.java:93)
	at org.springframework.jdbc.support.AbstractFallbackSQLExceptionTranslator.translate(AbstractFallbackSQLExceptionTranslator.java:70)
	at org.springframework.jdbc.support.AbstractFallbackSQLExceptionTranslator.translate(AbstractFallbackSQLExceptionTranslator.java:79)
	at org.mybatis.spring.MyBatisExceptionTranslator.translateExceptionIfPossible(MyBatisExceptionTranslator.java:91)
	at org.mybatis.spring.SqlSessionTemplate$SqlSessionInterceptor.invoke(SqlSessionTemplate.java:441)
	at com.sun.proxy.$Proxy94.selectList(Unknown Source)
	at org.mybatis.spring.SqlSessionTemplate.selectList(SqlSessionTemplate.java:224)
	at org.apache.ibatis.binding.MapperMethod.executeForMany(MapperMethod.java:147)
	at org.apache.ibatis.binding.MapperMethod.execute(MapperMethod.java:80)
	at org.apache.ibatis.binding.MapperProxy$PlainMethodInvoker.invoke(MapperProxy.java:152)
	at org.apache.ibatis.binding.MapperProxy.invoke(MapperProxy.java:85)
	at com.sun.proxy.$Proxy100.queryInProgressUserGroupBuyOrderDetailListByActivityId(Unknown Source)
	at cn.bugstack.infrastructure.adapter.repository.ActivityRepository.queryTeamStatisticByActivityId(ActivityRepository.java:232)
	at cn.bugstack.infrastructure.adapter.repository.ActivityRepository$$FastClassBySpringCGLIB$$2c08996a.invoke(<generated>)
	at org.springframework.cglib.proxy.MethodProxy.invoke(MethodProxy.java:218)
	at org.springframework.aop.framework.CglibAopProxy$CglibMethodInvocation.invokeJoinpoint(CglibAopProxy.java:793)
	at org.springframework.aop.framework.ReflectiveMethodInvocation.proceed(ReflectiveMethodInvocation.java:163)
	at org.springframework.aop.framework.CglibAopProxy$CglibMethodInvocation.proceed(CglibAopProxy.java:763)
	at org.springframework.dao.support.PersistenceExceptionTranslationInterceptor.invoke(PersistenceExceptionTranslationInterceptor.java:137)
	at org.springframework.aop.framework.ReflectiveMethodInvocation.proceed(ReflectiveMethodInvocation.java:186)
	at org.springframework.aop.framework.CglibAopProxy$CglibMethodInvocation.proceed(CglibAopProxy.java:763)
	at org.springframework.aop.framework.CglibAopProxy$DynamicAdvisedInterceptor.intercept(CglibAopProxy.java:708)
	at cn.bugstack.infrastructure.adapter.repository.ActivityRepository$$EnhancerBySpringCGLIB$$314754b3.queryTeamStatisticByActivityId(<generated>)
	at cn.bugstack.domain.activity.service.IndexGroupBuyMarketServiceImpl.queryTeamStatisticByActivityId(IndexGroupBuyMarketServiceImpl.java:62)
	at cn.bugstack.trigger.http.MarketIndexController.queryGroupBuyMarketConfig(MarketIndexController.java:66)
	at sun.reflect.NativeMethodAccessorImpl.invoke0(Native Method)
	at sun.reflect.NativeMethodAccessorImpl.invoke(Unknown Source)
	at sun.reflect.DelegatingMethodAccessorImpl.invoke(Unknown Source)
	at java.lang.reflect.Method.invoke(Unknown Source)
	at org.springframework.web.method.support.InvocableHandlerMethod.doInvoke(InvocableHandlerMethod.java:205)
	at org.springframework.web.method.support.InvocableHandlerMethod.invokeForRequest(InvocableHandlerMethod.java:150)
	at org.springframework.web.servlet.mvc.method.annotation.ServletInvocableHandlerMethod.invokeAndHandle(ServletInvocableHandlerMethod.java:117)
	at org.springframework.web.servlet.mvc.method.annotation.RequestMappingHandlerAdapter.invokeHandlerMethod(RequestMappingHandlerAdapter.java:895)
	at org.springframework.web.servlet.mvc.method.annotation.RequestMappingHandlerAdapter.handleInternal(RequestMappingHandlerAdapter.java:808)
	at org.springframework.web.servlet.mvc.method.AbstractHandlerMethodAdapter.handle(AbstractHandlerMethodAdapter.java:87)
	at org.springframework.web.servlet.DispatcherServlet.doDispatch(DispatcherServlet.java:1072)
	at org.springframework.web.servlet.DispatcherServlet.doService(DispatcherServlet.java:965)
	at org.springframework.web.servlet.FrameworkServlet.processRequest(FrameworkServlet.java:1006)
	at org.springframework.web.servlet.FrameworkServlet.doPost(FrameworkServlet.java:909)
	at javax.servlet.http.HttpServlet.service(HttpServlet.java:555)
	at org.springframework.web.servlet.FrameworkServlet.service(FrameworkServlet.java:883)
	at javax.servlet.http.HttpServlet.service(HttpServlet.java:623)
	at org.apache.catalina.core.ApplicationFilterChain.internalDoFilter(ApplicationFilterChain.java:209)
	at org.apache.catalina.core.ApplicationFilterChain.doFilter(ApplicationFilterChain.java:153)
	at org.apache.tomcat.websocket.server.WsFilter.doFilter(WsFilter.java:51)
	at org.apache.catalina.core.ApplicationFilterChain.internalDoFilter(ApplicationFilterChain.java:178)
	at org.apache.catalina.core.ApplicationFilterChain.doFilter(ApplicationFilterChain.java:153)
	at org.springframework.web.filter.RequestContextFilter.doFilterInternal(RequestContextFilter.java:100)
	at org.springframework.web.filter.OncePerRequestFilter.doFilter(OncePerRequestFilter.java:117)
	at org.apache.catalina.core.ApplicationFilterChain.internalDoFilter(ApplicationFilterChain.java:178)
	at org.apache.catalina.core.ApplicationFilterChain.doFilter(ApplicationFilterChain.java:153)
	at org.springframework.web.filter.FormContentFilter.doFilterInternal(FormContentFilter.java:93)
	at org.springframework.web.filter.OncePerRequestFilter.doFilter(OncePerRequestFilter.java:117)
	at org.apache.catalina.core.ApplicationFilterChain.internalDoFilter(ApplicationFilterChain.java:178)
	at org.apache.catalina.core.ApplicationFilterChain.doFilter(ApplicationFilterChain.java:153)
	at org.springframework.boot.actuate.metrics.web.servlet.WebMvcMetricsFilter.doFilterInternal(WebMvcMetricsFilter.java:96)
	at org.springframework.web.filter.OncePerRequestFilter.doFilter(OncePerRequestFilter.java:117)
	at org.apache.catalina.core.ApplicationFilterChain.internalDoFilter(ApplicationFilterChain.java:178)
	at org.apache.catalina.core.ApplicationFilterChain.doFilter(ApplicationFilterChain.java:153)
	at org.springframework.web.filter.CharacterEncodingFilter.doFilterInternal(CharacterEncodingFilter.java:201)
	at org.springframework.web.filter.OncePerRequestFilter.doFilter(OncePerRequestFilter.java:117)
	at org.apache.catalina.core.ApplicationFilterChain.internalDoFilter(ApplicationFilterChain.java:178)
	at org.apache.catalina.core.ApplicationFilterChain.doFilter(ApplicationFilterChain.java:153)
	at org.apache.catalina.core.StandardWrapperValve.invoke(StandardWrapperValve.java:167)
	at org.apache.catalina.core.StandardContextValve.invoke(StandardContextValve.java:90)
	at org.apache.catalina.authenticator.AuthenticatorBase.invoke(AuthenticatorBase.java:481)
	at org.apache.catalina.core.StandardHostValve.invoke(StandardHostValve.java:130)
	at org.apache.catalina.valves.ErrorReportValve.invoke(ErrorReportValve.java:93)
	at org.apache.catalina.core.StandardEngineValve.invoke(StandardEngineValve.java:74)
	at org.apache.catalina.connector.CoyoteAdapter.service(CoyoteAdapter.java:343)
	at org.apache.coyote.http11.Http11Processor.service(Http11Processor.java:390)
	at org.apache.coyote.AbstractProcessorLight.process(AbstractProcessorLight.java:63)
	at org.apache.coyote.AbstractProtocol$ConnectionHandler.process(AbstractProtocol.java:926)
	at org.apache.tomcat.util.net.NioEndpoint$SocketProcessor.doRun(NioEndpoint.java:1791)
	at org.apache.tomcat.util.net.SocketProcessorBase.run(SocketProcessorBase.java:52)
	at org.apache.tomcat.util.threads.ThreadPoolExecutor.runWorker(ThreadPoolExecutor.java:1191)
	at org.apache.tomcat.util.threads.ThreadPoolExecutor$Worker.run(ThreadPoolExecutor.java:659)
	at org.apache.tomcat.util.threads.TaskThread$WrappingRunnable.run(TaskThread.java:61)
	at java.lang.Thread.run(Unknown Source)
Caused by: java.sql.SQLSyntaxErrorException: Expression #1 of SELECT list is not in GROUP BY clause and contains nonaggregated column 'group_buy_market.group_buy_order_list.user_id' which is not functionally dependent on columns in GROUP BY clause; this is incompatible with sql_mode=only_full_group_by
	at com.mysql.cj.jdbc.exceptions.SQLError.createSQLException(SQLError.java:120)
	at com.mysql.cj.jdbc.exceptions.SQLError.createSQLException(SQLError.java:97)
	at com.mysql.cj.jdbc.exceptions.SQLExceptionsMapping.translateException(SQLExceptionsMapping.java:122)
	at com.mysql.cj.jdbc.ClientPreparedStatement.executeInternal(ClientPreparedStatement.java:953)
	at com.mysql.cj.jdbc.ClientPreparedStatement.execute(ClientPreparedStatement.java:370)
	at com.zaxxer.hikari.pool.ProxyPreparedStatement.execute(ProxyPreparedStatement.java:44)
	at com.zaxxer.hikari.pool.HikariProxyPreparedStatement.execute(HikariProxyPreparedStatement.java)
	at org.apache.ibatis.executor.statement.PreparedStatementHandler.query(PreparedStatementHandler.java:64)
	at org.apache.ibatis.executor.statement.RoutingStatementHandler.query(RoutingStatementHandler.java:79)
	at org.apache.ibatis.executor.SimpleExecutor.doQuery(SimpleExecutor.java:63)
	at org.apache.ibatis.executor.BaseExecutor.queryFromDatabase(BaseExecutor.java:325)
	at org.apache.ibatis.executor.BaseExecutor.query(BaseExecutor.java:156)
	at org.apache.ibatis.executor.CachingExecutor.query(CachingExecutor.java:109)
	at org.apache.ibatis.executor.CachingExecutor.query(CachingExecutor.java:89)
	at org.apache.ibatis.session.defaults.DefaultSqlSession.selectList(DefaultSqlSession.java:147)
	at org.apache.ibatis.session.defaults.DefaultSqlSession.selectList(DefaultSqlSession.java:140)
	at sun.reflect.NativeMethodAccessorImpl.invoke0(Native Method)
	at sun.reflect.NativeMethodAccessorImpl.invoke(Unknown Source)
	at sun.reflect.DelegatingMethodAccessorImpl.invoke(Unknown Source)
	at java.lang.reflect.Method.invoke(Unknown Source)
	at org.mybatis.spring.SqlSessionTemplate$SqlSessionInterceptor.invoke(SqlSessionTemplate.java:427)
	... 74 common frames omitted
26-01-07.20:38:15.004 [scheduling-1    ] INFO  TradeSettlementOrderService - 拼团交易-执行结算通知任务
26-01-07.20:38:15.007 [scheduling-1    ] INFO  GroupBuyNotifyJob      - 定时任务，回调通知拼团完结任务 result:{"retryCount":0,"successCount":0,"waitCount":0,"errorCount":0}
26-01-07.20:38:30.008 [scheduling-1    ] INFO  TradeSettlementOrderService - 拼团交易-执行结算通知任务
26-01-07.20:38:30.012 [scheduling-1    ] INFO  GroupBuyNotifyJob      - 定时任务，回调通知拼团完结任务 result:{"retryCount":0,"successCount":0,"waitCount":0,"errorCount":0}
26-01-07.20:38:45.013 [scheduling-1    ] INFO  TradeSettlementOrderService - 拼团交易-执行结算通知任务
26-01-07.20:38:45.016 [scheduling-1    ] INFO  GroupBuyNotifyJob      - 定时任务，回调通知拼团完结任务 result:{"retryCount":0,"successCount":0,"waitCount":0,"errorCount":0}
26-01-07.20:39:00.013 [scheduling-1    ] INFO  TradeSettlementOrderService - 拼团交易-执行结算通知任务
26-01-07.20:39:00.017 [scheduling-1    ] INFO  GroupBuyNotifyJob      - 定时任务，回调通知拼团完结任务 result:{"retryCount":0,"successCount":0,"waitCount":0,"errorCount":0}
26-01-07.20:39:15.008 [scheduling-1    ] INFO  TradeSettlementOrderService - 拼团交易-执行结算通知任务
26-01-07.20:39:15.012 [scheduling-1    ] INFO  GroupBuyNotifyJob      - 定时任务，回调通知拼团完结任务 result:{"retryCount":0,"successCount":0,"waitCount":0,"errorCount":0}
26-01-07.20:39:30.015 [scheduling-1    ] INFO  TradeSettlementOrderService - 拼团交易-执行结算通知任务
26-01-07.20:39:30.019 [scheduling-1    ] INFO  GroupBuyNotifyJob      - 定时任务，回调通知拼团完结任务 result:{"retryCount":0,"successCount":0,"waitCount":0,"errorCount":0}
26-01-07.20:39:42.339 [SpringApplicationShutdownHook] INFO  HikariDataSource       - HikariPool-1 - Shutdown initiated...
26-01-07.20:39:42.361 [SpringApplicationShutdownHook] INFO  HikariDataSource       - HikariPool-1 - Shutdown completed.
26-01-07.20:39:50.446 [main            ] INFO  Application            - Starting Application using Java 1.8.0_51 on LAPTOP-LT6J3I77 with PID 21860 (F:\pintuanmaster\From2-9\group-buy-market\group-buy-market-app\target\classes started by 王庆归 in F:\pintuanmaster\From2-9\group-buy-market)
26-01-07.20:39:50.449 [main            ] INFO  Application            - The following 1 profile is active: "dev"
26-01-07.20:39:53.435 [main            ] INFO  RepositoryConfigurationDelegate - Multiple Spring Data modules found, entering strict repository configuration mode
26-01-07.20:39:53.441 [main            ] INFO  RepositoryConfigurationDelegate - Bootstrapping Spring Data Redis repositories in DEFAULT mode.
26-01-07.20:39:53.495 [main            ] INFO  RepositoryConfigurationDelegate - Finished Spring Data repository scanning in 35 ms. Found 0 Redis repository interfaces.
26-01-07.20:39:53.980 [main            ] INFO  PostProcessorRegistrationDelegate$BeanPostProcessorChecker - Bean 'redisClientConfig' of type [cn.bugstack.config.RedisClientConfig$$EnhancerBySpringCGLIB$$633f8006] is not eligible for getting processed by all BeanPostProcessors (for example: not eligible for auto-proxying)
26-01-07.20:39:54.564 [main            ] INFO  PostProcessorRegistrationDelegate$BeanPostProcessorChecker - Bean 'redis.sdk.config-cn.bugstack.config.RedisClientConfigProperties' of type [cn.bugstack.config.RedisClientConfigProperties] is not eligible for getting processed by all BeanPostProcessors (for example: not eligible for auto-proxying)
26-01-07.20:39:56.114 [main            ] INFO  Version                - Redisson 3.26.0
26-01-07.20:39:57.707 [redisson-netty-1-4] INFO  ConnectionsHolder      - 1 connections initialized for 127.0.0.1/127.0.0.1:16379
26-01-07.20:39:57.731 [redisson-netty-1-13] INFO  ConnectionsHolder      - 5 connections initialized for 127.0.0.1/127.0.0.1:16379
26-01-07.20:39:57.852 [main            ] INFO  PostProcessorRegistrationDelegate$BeanPostProcessorChecker - Bean 'redissonClient' of type [org.redisson.Redisson] is not eligible for getting processed by all BeanPostProcessors (for example: not eligible for auto-proxying)
26-01-07.20:39:58.473 [main            ] INFO  TomcatWebServer        - Tomcat initialized with port(s): 8091 (http)
26-01-07.20:39:58.504 [main            ] INFO  Http11NioProtocol      - Initializing ProtocolHandler ["http-nio-8091"]
26-01-07.20:39:58.505 [main            ] INFO  StandardService        - Starting service [Tomcat]
26-01-07.20:39:58.506 [main            ] INFO  StandardEngine         - Starting Servlet engine: [Apache Tomcat/9.0.75]
26-01-07.20:39:58.879 [main            ] INFO  [/]                    - Initializing Spring embedded WebApplicationContext
26-01-07.20:39:58.879 [main            ] INFO  ServletWebServerApplicationContext - Root WebApplicationContext: initialization completed in 8368 ms
26-01-07.20:40:01.906 [main            ] INFO  EndpointLinksResolver  - Exposing 1 endpoint(s) beneath base path '/actuator'
26-01-07.20:40:01.929 [main            ] INFO  Http11NioProtocol      - Starting ProtocolHandler ["http-nio-8091"]
26-01-07.20:40:01.945 [main            ] INFO  TomcatWebServer        - Tomcat started on port(s): 8091 (http) with context path ''
26-01-07.20:40:01.968 [main            ] INFO  Application            - Started Application in 12.541 seconds (JVM running for 16.912)
26-01-07.20:40:13.209 [http-nio-8091-exec-1] INFO  [/]                    - Initializing Spring DispatcherServlet 'dispatcherServlet'
26-01-07.20:40:13.209 [http-nio-8091-exec-1] INFO  DispatcherServlet      - Initializing Servlet 'dispatcherServlet'
26-01-07.20:40:13.210 [http-nio-8091-exec-1] INFO  DispatcherServlet      - Completed initialization in 1 ms
26-01-07.20:40:13.286 [http-nio-8091-exec-1] INFO  MarketIndexController  - 查询拼团营销配置开始:xfg01 goodsId:9890001
26-01-07.20:40:13.455 [http-nio-8091-exec-1] INFO  RootNode               - 拼团商品查询试算服务-RootNode userId:xfg01 requestParameter:{"channel":"c01","goodsId":"9890001","source":"s01","userId":"xfg01"}
26-01-07.20:40:13.455 [http-nio-8091-exec-1] INFO  SwitchNode             - 拼团商品查询试算服务-SwitchNode userId:xfg01 requestParameter:{"channel":"c01","goodsId":"9890001","source":"s01","userId":"xfg01"}
26-01-07.20:40:13.495 [pool-2-thread-1 ] INFO  HikariDataSource       - HikariPool-1 - Starting...
26-01-07.20:40:13.977 [pool-2-thread-1 ] INFO  HikariDataSource       - HikariPool-1 - Start completed.
26-01-07.20:40:14.052 [http-nio-8091-exec-1] INFO  MarketNode             - 拼团商品查询试算服务-MarketNode userId:xfg01 异步线程加载数据「GroupBuyActivityDiscountVO、SkuVO」完成
26-01-07.20:40:14.052 [http-nio-8091-exec-1] INFO  MarketNode             - 拼团商品查询试算服务-MarketNode userId:xfg01 requestParameter:{"channel":"c01","goodsId":"9890001","source":"s01","userId":"xfg01"}
26-01-07.20:40:14.052 [http-nio-8091-exec-1] INFO  MJCalculateService     - 优惠策略折扣计算:0
26-01-07.20:40:14.052 [http-nio-8091-exec-1] INFO  MJCalculateService     - 满减优惠计算：marketExpr=100,10
26-01-07.20:40:14.058 [http-nio-8091-exec-1] INFO  EndNode                - 拼团商品查询试算服务-EndNode userId:xfg01 requestParameter:{"channel":"c01","goodsId":"9890001","source":"s01","userId":"xfg01"}
26-01-07.20:40:14.129 [http-nio-8091-exec-1] INFO  MarketIndexController  - 查询拼团营销配置完成:xfg01 goodsId:9890001 response:{"code":"0000","data":{"goods":{"deductionPrice":10.00,"goodsId":"9890001","originalPrice":100.00,"payPrice":90.00},"teamList":[],"teamStatistic":{"allTeamCompleteCount":2,"allTeamCount":2,"allTeamUserCount":6}},"info":"成功"}
26-01-07.20:40:15.016 [scheduling-1    ] INFO  TradeSettlementOrderService - 拼团交易-执行结算通知任务
26-01-07.20:40:15.030 [scheduling-1    ] INFO  GroupBuyNotifyJob      - 定时任务，回调通知拼团完结任务 result:{"retryCount":0,"successCount":0,"waitCount":0,"errorCount":0}
26-01-07.20:40:24.507 [SpringApplicationShutdownHook] INFO  HikariDataSource       - HikariPool-1 - Shutdown initiated...
26-01-07.20:40:24.524 [SpringApplicationShutdownHook] INFO  HikariDataSource       - HikariPool-1 - Shutdown completed.
