26-01-13.20:56:20.019 [main            ] INFO  Application            - Starting Application using Java 1.8.0_51 on LAPTOP-LT6J3I77 with PID 14312 (F:\pintuanmaster\From2-9\group-buy-market\group-buy-market-app\target\classes started by 王庆归 in F:\pintuanmaster\From2-9\group-buy-market)
26-01-13.20:56:20.022 [main            ] INFO  Application            - The following 1 profile is active: "dev"
26-01-13.20:56:24.475 [main            ] INFO  RepositoryConfigurationDelegate - Multiple Spring Data modules found, entering strict repository configuration mode
26-01-13.20:56:24.493 [main            ] INFO  RepositoryConfigurationDelegate - Bootstrapping Spring Data Redis repositories in DEFAULT mode.
26-01-13.20:56:24.599 [main            ] INFO  RepositoryConfigurationDelegate - Finished Spring Data repository scanning in 28 ms. Found 0 Redis repository interfaces.
26-01-13.20:56:25.669 [main            ] INFO  PostProcessorRegistrationDelegate$BeanPostProcessorChecker - Bean 'redisClientConfig' of type [cn.bugstack.config.RedisClientConfig$$EnhancerBySpringCGLIB$$9cebdcf2] is not eligible for getting processed by all BeanPostProcessors (for example: not eligible for auto-proxying)
26-01-13.20:56:26.361 [main            ] INFO  PostProcessorRegistrationDelegate$BeanPostProcessorChecker - Bean 'redis.sdk.config-cn.bugstack.config.RedisClientConfigProperties' of type [cn.bugstack.config.RedisClientConfigProperties] is not eligible for getting processed by all BeanPostProcessors (for example: not eligible for auto-proxying)
26-01-13.20:56:28.123 [main            ] INFO  Version                - Redisson 3.26.0
26-01-13.20:56:29.629 [redisson-netty-1-4] INFO  ConnectionsHolder      - 1 connections initialized for 127.0.0.1/127.0.0.1:16379
26-01-13.20:56:29.657 [redisson-netty-1-13] INFO  ConnectionsHolder      - 5 connections initialized for 127.0.0.1/127.0.0.1:16379
26-01-13.20:56:29.766 [main            ] INFO  PostProcessorRegistrationDelegate$BeanPostProcessorChecker - Bean 'redissonClient' of type [org.redisson.Redisson] is not eligible for getting processed by all BeanPostProcessors (for example: not eligible for auto-proxying)
26-01-13.20:56:30.552 [main            ] INFO  TomcatWebServer        - Tomcat initialized with port(s): 8091 (http)
26-01-13.20:56:30.590 [main            ] INFO  Http11NioProtocol      - Initializing ProtocolHandler ["http-nio-8091"]
26-01-13.20:56:30.590 [main            ] INFO  StandardService        - Starting service [Tomcat]
26-01-13.20:56:30.590 [main            ] INFO  StandardEngine         - Starting Servlet engine: [Apache Tomcat/9.0.75]
26-01-13.20:56:30.971 [main            ] INFO  [/]                    - Initializing Spring embedded WebApplicationContext
26-01-13.20:56:30.971 [main            ] INFO  ServletWebServerApplicationContext - Root WebApplicationContext: initialization completed in 10787 ms
26-01-13.20:56:35.198 [main            ] INFO  EndpointLinksResolver  - Exposing 1 endpoint(s) beneath base path '/actuator'
26-01-13.20:56:35.314 [main            ] INFO  Http11NioProtocol      - Starting ProtocolHandler ["http-nio-8091"]
26-01-13.20:56:35.462 [main            ] INFO  TomcatWebServer        - Tomcat started on port(s): 8091 (http) with context path ''
26-01-13.20:56:35.470 [main            ] INFO  CachingConnectionFactory - Attempting to connect to: [192.168.1.108:5672]
26-01-13.20:56:56.518 [main            ] INFO  SimpleMessageListenerContainer - Broker not available; cannot force queue declarations during start: java.net.ConnectException: Connection timed out: connect
26-01-13.20:56:56.544 [org.springframework.amqp.rabbit.RabbitListenerEndpointContainer#0-1] INFO  CachingConnectionFactory - Attempting to connect to: [192.168.1.108:5672]
26-01-13.20:57:13.365 [main            ] INFO  Application            - Starting Application using Java 1.8.0_51 on LAPTOP-LT6J3I77 with PID 1840 (F:\pintuanmaster\From2-9\group-buy-market\group-buy-market-app\target\classes started by 王庆归 in F:\pintuanmaster\From2-9\group-buy-market)
26-01-13.20:57:13.368 [main            ] INFO  Application            - The following 1 profile is active: "dev"
26-01-13.20:57:14.642 [main            ] INFO  RepositoryConfigurationDelegate - Multiple Spring Data modules found, entering strict repository configuration mode
26-01-13.20:57:14.645 [main            ] INFO  RepositoryConfigurationDelegate - Bootstrapping Spring Data Redis repositories in DEFAULT mode.
26-01-13.20:57:14.704 [main            ] INFO  RepositoryConfigurationDelegate - Finished Spring Data repository scanning in 37 ms. Found 0 Redis repository interfaces.
26-01-13.20:57:15.146 [main            ] INFO  PostProcessorRegistrationDelegate$BeanPostProcessorChecker - Bean 'redisClientConfig' of type [cn.bugstack.config.RedisClientConfig$$EnhancerBySpringCGLIB$$9cebdcf2] is not eligible for getting processed by all BeanPostProcessors (for example: not eligible for auto-proxying)
26-01-13.20:57:15.522 [main            ] INFO  PostProcessorRegistrationDelegate$BeanPostProcessorChecker - Bean 'redis.sdk.config-cn.bugstack.config.RedisClientConfigProperties' of type [cn.bugstack.config.RedisClientConfigProperties] is not eligible for getting processed by all BeanPostProcessors (for example: not eligible for auto-proxying)
26-01-13.20:57:16.861 [main            ] INFO  Version                - Redisson 3.26.0
26-01-13.20:57:18.018 [redisson-netty-1-4] INFO  ConnectionsHolder      - 1 connections initialized for 127.0.0.1/127.0.0.1:16379
26-01-13.20:57:18.045 [redisson-netty-1-13] INFO  ConnectionsHolder      - 5 connections initialized for 127.0.0.1/127.0.0.1:16379
26-01-13.20:57:18.092 [main            ] INFO  PostProcessorRegistrationDelegate$BeanPostProcessorChecker - Bean 'redissonClient' of type [org.redisson.Redisson] is not eligible for getting processed by all BeanPostProcessors (for example: not eligible for auto-proxying)
26-01-13.20:57:18.440 [main            ] INFO  TomcatWebServer        - Tomcat initialized with port(s): 8091 (http)
26-01-13.20:57:18.456 [main            ] INFO  Http11NioProtocol      - Initializing ProtocolHandler ["http-nio-8091"]
26-01-13.20:57:18.457 [main            ] INFO  StandardService        - Starting service [Tomcat]
26-01-13.20:57:18.457 [main            ] INFO  StandardEngine         - Starting Servlet engine: [Apache Tomcat/9.0.75]
26-01-13.20:57:18.609 [main            ] INFO  [/]                    - Initializing Spring embedded WebApplicationContext
26-01-13.20:57:18.609 [main            ] INFO  ServletWebServerApplicationContext - Root WebApplicationContext: initialization completed in 5166 ms
26-01-13.20:57:21.043 [main            ] INFO  EndpointLinksResolver  - Exposing 1 endpoint(s) beneath base path '/actuator'
26-01-13.20:57:21.104 [main            ] INFO  Http11NioProtocol      - Starting ProtocolHandler ["http-nio-8091"]
26-01-13.20:57:21.123 [main            ] INFO  TomcatWebServer        - Tomcat started on port(s): 8091 (http) with context path ''
26-01-13.20:57:21.126 [main            ] INFO  CachingConnectionFactory - Attempting to connect to: [127.0.0.1:5672]
26-01-13.20:57:22.939 [main            ] INFO  CachingConnectionFactory - Created new connection: rabbitConnectionFactory#58739e5e:0/SimpleConnection@1e7cfd49 [delegate=amqp://admin@127.0.0.1:5672/, localPort= 58688]
26-01-13.20:57:23.758 [main            ] INFO  Application            - Started Application in 11.175 seconds (JVM running for 11.925)
26-01-13.20:57:30.009 [scheduling-1    ] INFO  TradeSettlementOrderService - 拼团交易-执行结算通知任务
26-01-13.20:57:30.106 [scheduling-1    ] INFO  HikariDataSource       - HikariPool-1 - Starting...
26-01-13.20:57:30.515 [scheduling-1    ] INFO  HikariDataSource       - HikariPool-1 - Start completed.
26-01-13.20:57:31.082 [scheduling-1    ] INFO  GroupBuyNotifyJob      - 定时任务，回调通知拼团完结任务 result:{"retryCount":0,"successCount":0,"waitCount":0,"errorCount":0}
26-01-13.20:57:45.010 [scheduling-1    ] INFO  TradeSettlementOrderService - 拼团交易-执行结算通知任务
26-01-13.20:57:45.016 [scheduling-1    ] INFO  GroupBuyNotifyJob      - 定时任务，回调通知拼团完结任务 result:{"retryCount":0,"successCount":0,"waitCount":0,"errorCount":0}
26-01-13.20:58:00.013 [scheduling-1    ] INFO  TradeSettlementOrderService - 拼团交易-执行结算通知任务
26-01-13.20:58:00.017 [scheduling-1    ] INFO  GroupBuyNotifyJob      - 定时任务，回调通知拼团完结任务 result:{"retryCount":0,"successCount":0,"waitCount":0,"errorCount":0}
26-01-13.20:58:07.674 [org.springframework.amqp.rabbit.RabbitListenerEndpointContainer#0-1] INFO  TeamSuccessTopicListener - 接收消息:订单结算：ORD-20231234
26-01-13.20:58:07.678 [org.springframework.amqp.rabbit.RabbitListenerEndpointContainer#0-1] INFO  TeamSuccessTopicListener - 接收消息:订单结算：ORD-20231236
26-01-13.20:58:07.680 [org.springframework.amqp.rabbit.RabbitListenerEndpointContainer#0-1] INFO  TeamSuccessTopicListener - 接收消息:订单结算：ORD-20231238
26-01-13.20:58:15.002 [scheduling-1    ] INFO  TradeSettlementOrderService - 拼团交易-执行结算通知任务
26-01-13.20:58:15.006 [scheduling-1    ] INFO  GroupBuyNotifyJob      - 定时任务，回调通知拼团完结任务 result:{"retryCount":0,"successCount":0,"waitCount":0,"errorCount":0}
26-01-13.20:58:30.011 [scheduling-1    ] INFO  TradeSettlementOrderService - 拼团交易-执行结算通知任务
26-01-13.20:58:30.013 [scheduling-1    ] INFO  GroupBuyNotifyJob      - 定时任务，回调通知拼团完结任务 result:{"retryCount":0,"successCount":0,"waitCount":0,"errorCount":0}
26-01-13.20:58:45.001 [scheduling-1    ] INFO  TradeSettlementOrderService - 拼团交易-执行结算通知任务
26-01-13.20:58:45.005 [scheduling-1    ] INFO  GroupBuyNotifyJob      - 定时任务，回调通知拼团完结任务 result:{"retryCount":0,"successCount":0,"waitCount":0,"errorCount":0}
26-01-13.20:59:00.009 [scheduling-1    ] INFO  TradeSettlementOrderService - 拼团交易-执行结算通知任务
26-01-13.20:59:00.013 [scheduling-1    ] INFO  GroupBuyNotifyJob      - 定时任务，回调通知拼团完结任务 result:{"retryCount":0,"successCount":0,"waitCount":0,"errorCount":0}
26-01-13.20:59:15.012 [scheduling-1    ] INFO  TradeSettlementOrderService - 拼团交易-执行结算通知任务
26-01-13.20:59:15.015 [scheduling-1    ] INFO  GroupBuyNotifyJob      - 定时任务，回调通知拼团完结任务 result:{"retryCount":0,"successCount":0,"waitCount":0,"errorCount":0}
26-01-13.20:59:30.002 [scheduling-1    ] INFO  TradeSettlementOrderService - 拼团交易-执行结算通知任务
26-01-13.20:59:30.007 [scheduling-1    ] INFO  GroupBuyNotifyJob      - 定时任务，回调通知拼团完结任务 result:{"retryCount":0,"successCount":0,"waitCount":0,"errorCount":0}
26-01-13.20:59:45.000 [scheduling-1    ] INFO  TradeSettlementOrderService - 拼团交易-执行结算通知任务
26-01-13.20:59:45.004 [scheduling-1    ] INFO  GroupBuyNotifyJob      - 定时任务，回调通知拼团完结任务 result:{"retryCount":0,"successCount":0,"waitCount":0,"errorCount":0}
26-01-13.21:00:00.008 [scheduling-1    ] INFO  TradeSettlementOrderService - 拼团交易-执行结算通知任务
26-01-13.21:00:00.013 [scheduling-1    ] INFO  GroupBuyNotifyJob      - 定时任务，回调通知拼团完结任务 result:{"retryCount":0,"successCount":0,"waitCount":0,"errorCount":0}
26-01-13.21:00:15.009 [scheduling-1    ] INFO  TradeSettlementOrderService - 拼团交易-执行结算通知任务
26-01-13.21:00:15.012 [scheduling-1    ] INFO  GroupBuyNotifyJob      - 定时任务，回调通知拼团完结任务 result:{"retryCount":0,"successCount":0,"waitCount":0,"errorCount":0}
26-01-13.21:00:30.006 [scheduling-1    ] INFO  TradeSettlementOrderService - 拼团交易-执行结算通知任务
26-01-13.21:00:30.011 [scheduling-1    ] INFO  GroupBuyNotifyJob      - 定时任务，回调通知拼团完结任务 result:{"retryCount":0,"successCount":0,"waitCount":0,"errorCount":0}
26-01-13.21:00:45.011 [scheduling-1    ] INFO  TradeSettlementOrderService - 拼团交易-执行结算通知任务
26-01-13.21:00:45.015 [scheduling-1    ] INFO  GroupBuyNotifyJob      - 定时任务，回调通知拼团完结任务 result:{"retryCount":0,"successCount":0,"waitCount":0,"errorCount":0}
26-01-13.21:01:00.004 [scheduling-1    ] INFO  TradeSettlementOrderService - 拼团交易-执行结算通知任务
26-01-13.21:01:00.008 [scheduling-1    ] INFO  GroupBuyNotifyJob      - 定时任务，回调通知拼团完结任务 result:{"retryCount":0,"successCount":0,"waitCount":0,"errorCount":0}
26-01-13.21:01:15.003 [scheduling-1    ] INFO  TradeSettlementOrderService - 拼团交易-执行结算通知任务
26-01-13.21:01:15.007 [scheduling-1    ] INFO  GroupBuyNotifyJob      - 定时任务，回调通知拼团完结任务 result:{"retryCount":0,"successCount":0,"waitCount":0,"errorCount":0}
26-01-13.21:01:30.010 [scheduling-1    ] INFO  TradeSettlementOrderService - 拼团交易-执行结算通知任务
26-01-13.21:01:30.013 [scheduling-1    ] INFO  GroupBuyNotifyJob      - 定时任务，回调通知拼团完结任务 result:{"retryCount":0,"successCount":0,"waitCount":0,"errorCount":0}
26-01-13.21:01:45.009 [scheduling-1    ] INFO  TradeSettlementOrderService - 拼团交易-执行结算通知任务
26-01-13.21:01:45.013 [scheduling-1    ] INFO  GroupBuyNotifyJob      - 定时任务，回调通知拼团完结任务 result:{"retryCount":0,"successCount":0,"waitCount":0,"errorCount":0}
26-01-13.21:02:00.007 [scheduling-1    ] INFO  TradeSettlementOrderService - 拼团交易-执行结算通知任务
26-01-13.21:02:00.012 [scheduling-1    ] INFO  GroupBuyNotifyJob      - 定时任务，回调通知拼团完结任务 result:{"retryCount":0,"successCount":0,"waitCount":0,"errorCount":0}
26-01-13.21:02:15.005 [scheduling-1    ] INFO  TradeSettlementOrderService - 拼团交易-执行结算通知任务
26-01-13.21:02:15.009 [scheduling-1    ] INFO  GroupBuyNotifyJob      - 定时任务，回调通知拼团完结任务 result:{"retryCount":0,"successCount":0,"waitCount":0,"errorCount":0}
26-01-13.21:02:30.001 [scheduling-1    ] INFO  TradeSettlementOrderService - 拼团交易-执行结算通知任务
26-01-13.21:02:30.005 [scheduling-1    ] INFO  GroupBuyNotifyJob      - 定时任务，回调通知拼团完结任务 result:{"retryCount":0,"successCount":0,"waitCount":0,"errorCount":0}
26-01-13.21:02:45.000 [scheduling-1    ] INFO  TradeSettlementOrderService - 拼团交易-执行结算通知任务
26-01-13.21:02:45.004 [scheduling-1    ] INFO  GroupBuyNotifyJob      - 定时任务，回调通知拼团完结任务 result:{"retryCount":0,"successCount":0,"waitCount":0,"errorCount":0}
26-01-13.21:03:00.011 [scheduling-1    ] INFO  TradeSettlementOrderService - 拼团交易-执行结算通知任务
26-01-13.21:03:00.017 [scheduling-1    ] INFO  GroupBuyNotifyJob      - 定时任务，回调通知拼团完结任务 result:{"retryCount":0,"successCount":0,"waitCount":0,"errorCount":0}
26-01-13.21:03:15.007 [scheduling-1    ] INFO  TradeSettlementOrderService - 拼团交易-执行结算通知任务
26-01-13.21:03:15.179 [scheduling-1    ] INFO  GroupBuyNotifyJob      - 定时任务，回调通知拼团完结任务 result:{"retryCount":0,"successCount":0,"waitCount":0,"errorCount":0}
26-01-13.21:03:30.006 [scheduling-1    ] INFO  TradeSettlementOrderService - 拼团交易-执行结算通知任务
26-01-13.21:03:30.014 [scheduling-1    ] INFO  GroupBuyNotifyJob      - 定时任务，回调通知拼团完结任务 result:{"retryCount":0,"successCount":0,"waitCount":0,"errorCount":0}
26-01-13.21:03:45.010 [scheduling-1    ] INFO  TradeSettlementOrderService - 拼团交易-执行结算通知任务
26-01-13.21:03:45.013 [scheduling-1    ] INFO  GroupBuyNotifyJob      - 定时任务，回调通知拼团完结任务 result:{"retryCount":0,"successCount":0,"waitCount":0,"errorCount":0}
26-01-13.21:04:00.015 [scheduling-1    ] INFO  TradeSettlementOrderService - 拼团交易-执行结算通知任务
26-01-13.21:04:00.018 [scheduling-1    ] INFO  GroupBuyNotifyJob      - 定时任务，回调通知拼团完结任务 result:{"retryCount":0,"successCount":0,"waitCount":0,"errorCount":0}
26-01-13.21:04:15.006 [scheduling-1    ] INFO  TradeSettlementOrderService - 拼团交易-执行结算通知任务
26-01-13.21:04:15.010 [scheduling-1    ] INFO  GroupBuyNotifyJob      - 定时任务，回调通知拼团完结任务 result:{"retryCount":0,"successCount":0,"waitCount":0,"errorCount":0}
26-01-13.21:04:30.005 [scheduling-1    ] INFO  TradeSettlementOrderService - 拼团交易-执行结算通知任务
26-01-13.21:04:30.011 [scheduling-1    ] INFO  GroupBuyNotifyJob      - 定时任务，回调通知拼团完结任务 result:{"retryCount":0,"successCount":0,"waitCount":0,"errorCount":0}
26-01-13.21:04:45.007 [scheduling-1    ] INFO  TradeSettlementOrderService - 拼团交易-执行结算通知任务
26-01-13.21:04:45.010 [scheduling-1    ] INFO  GroupBuyNotifyJob      - 定时任务，回调通知拼团完结任务 result:{"retryCount":0,"successCount":0,"waitCount":0,"errorCount":0}
26-01-13.21:05:00.015 [scheduling-1    ] INFO  TradeSettlementOrderService - 拼团交易-执行结算通知任务
26-01-13.21:05:00.020 [scheduling-1    ] INFO  GroupBuyNotifyJob      - 定时任务，回调通知拼团完结任务 result:{"retryCount":0,"successCount":0,"waitCount":0,"errorCount":0}
26-01-13.21:05:15.007 [scheduling-1    ] INFO  TradeSettlementOrderService - 拼团交易-执行结算通知任务
26-01-13.21:05:15.010 [scheduling-1    ] INFO  GroupBuyNotifyJob      - 定时任务，回调通知拼团完结任务 result:{"retryCount":0,"successCount":0,"waitCount":0,"errorCount":0}
26-01-13.21:05:30.008 [scheduling-1    ] INFO  TradeSettlementOrderService - 拼团交易-执行结算通知任务
26-01-13.21:05:30.012 [scheduling-1    ] INFO  GroupBuyNotifyJob      - 定时任务，回调通知拼团完结任务 result:{"retryCount":0,"successCount":0,"waitCount":0,"errorCount":0}
26-01-13.21:05:45.007 [scheduling-1    ] INFO  TradeSettlementOrderService - 拼团交易-执行结算通知任务
26-01-13.21:05:45.011 [scheduling-1    ] INFO  GroupBuyNotifyJob      - 定时任务，回调通知拼团完结任务 result:{"retryCount":0,"successCount":0,"waitCount":0,"errorCount":0}
26-01-13.21:06:00.014 [scheduling-1    ] INFO  TradeSettlementOrderService - 拼团交易-执行结算通知任务
26-01-13.21:06:00.018 [scheduling-1    ] INFO  GroupBuyNotifyJob      - 定时任务，回调通知拼团完结任务 result:{"retryCount":0,"successCount":0,"waitCount":0,"errorCount":0}
26-01-13.21:06:15.014 [scheduling-1    ] INFO  TradeSettlementOrderService - 拼团交易-执行结算通知任务
26-01-13.21:06:15.019 [scheduling-1    ] INFO  GroupBuyNotifyJob      - 定时任务，回调通知拼团完结任务 result:{"retryCount":0,"successCount":0,"waitCount":0,"errorCount":0}
26-01-13.21:06:30.008 [scheduling-1    ] INFO  TradeSettlementOrderService - 拼团交易-执行结算通知任务
26-01-13.21:06:30.013 [scheduling-1    ] INFO  GroupBuyNotifyJob      - 定时任务，回调通知拼团完结任务 result:{"retryCount":0,"successCount":0,"waitCount":0,"errorCount":0}
26-01-13.21:06:45.011 [scheduling-1    ] INFO  TradeSettlementOrderService - 拼团交易-执行结算通知任务
26-01-13.21:06:45.015 [scheduling-1    ] INFO  GroupBuyNotifyJob      - 定时任务，回调通知拼团完结任务 result:{"retryCount":0,"successCount":0,"waitCount":0,"errorCount":0}
26-01-13.21:07:00.001 [scheduling-1    ] INFO  TradeSettlementOrderService - 拼团交易-执行结算通知任务
26-01-13.21:07:00.005 [scheduling-1    ] INFO  GroupBuyNotifyJob      - 定时任务，回调通知拼团完结任务 result:{"retryCount":0,"successCount":0,"waitCount":0,"errorCount":0}
26-01-13.21:07:15.006 [scheduling-1    ] INFO  TradeSettlementOrderService - 拼团交易-执行结算通知任务
26-01-13.21:07:15.010 [scheduling-1    ] INFO  GroupBuyNotifyJob      - 定时任务，回调通知拼团完结任务 result:{"retryCount":0,"successCount":0,"waitCount":0,"errorCount":0}
26-01-13.21:07:30.007 [scheduling-1    ] INFO  TradeSettlementOrderService - 拼团交易-执行结算通知任务
26-01-13.21:07:30.012 [scheduling-1    ] INFO  GroupBuyNotifyJob      - 定时任务，回调通知拼团完结任务 result:{"retryCount":0,"successCount":0,"waitCount":0,"errorCount":0}
26-01-13.21:07:45.014 [scheduling-1    ] INFO  TradeSettlementOrderService - 拼团交易-执行结算通知任务
26-01-13.21:07:45.017 [scheduling-1    ] INFO  GroupBuyNotifyJob      - 定时任务，回调通知拼团完结任务 result:{"retryCount":0,"successCount":0,"waitCount":0,"errorCount":0}
26-01-13.21:08:00.010 [scheduling-1    ] INFO  TradeSettlementOrderService - 拼团交易-执行结算通知任务
26-01-13.21:08:00.014 [scheduling-1    ] INFO  GroupBuyNotifyJob      - 定时任务，回调通知拼团完结任务 result:{"retryCount":0,"successCount":0,"waitCount":0,"errorCount":0}
26-01-13.21:08:15.015 [scheduling-1    ] INFO  TradeSettlementOrderService - 拼团交易-执行结算通知任务
26-01-13.21:08:15.021 [scheduling-1    ] INFO  GroupBuyNotifyJob      - 定时任务，回调通知拼团完结任务 result:{"retryCount":0,"successCount":0,"waitCount":0,"errorCount":0}
26-01-13.21:08:30.004 [scheduling-1    ] INFO  TradeSettlementOrderService - 拼团交易-执行结算通知任务
26-01-13.21:08:30.008 [scheduling-1    ] INFO  GroupBuyNotifyJob      - 定时任务，回调通知拼团完结任务 result:{"retryCount":0,"successCount":0,"waitCount":0,"errorCount":0}
26-01-13.21:08:45.013 [scheduling-1    ] INFO  TradeSettlementOrderService - 拼团交易-执行结算通知任务
26-01-13.21:08:45.016 [scheduling-1    ] INFO  GroupBuyNotifyJob      - 定时任务，回调通知拼团完结任务 result:{"retryCount":0,"successCount":0,"waitCount":0,"errorCount":0}
26-01-13.21:09:00.002 [scheduling-1    ] INFO  TradeSettlementOrderService - 拼团交易-执行结算通知任务
26-01-13.21:09:00.005 [scheduling-1    ] INFO  GroupBuyNotifyJob      - 定时任务，回调通知拼团完结任务 result:{"retryCount":0,"successCount":0,"waitCount":0,"errorCount":0}
26-01-13.21:09:15.002 [scheduling-1    ] INFO  TradeSettlementOrderService - 拼团交易-执行结算通知任务
26-01-13.21:09:15.006 [scheduling-1    ] INFO  GroupBuyNotifyJob      - 定时任务，回调通知拼团完结任务 result:{"retryCount":0,"successCount":0,"waitCount":0,"errorCount":0}
26-01-13.21:09:30.008 [scheduling-1    ] INFO  TradeSettlementOrderService - 拼团交易-执行结算通知任务
26-01-13.21:09:30.012 [scheduling-1    ] INFO  GroupBuyNotifyJob      - 定时任务，回调通知拼团完结任务 result:{"retryCount":0,"successCount":0,"waitCount":0,"errorCount":0}
26-01-13.21:09:45.007 [scheduling-1    ] INFO  TradeSettlementOrderService - 拼团交易-执行结算通知任务
26-01-13.21:09:45.010 [scheduling-1    ] INFO  GroupBuyNotifyJob      - 定时任务，回调通知拼团完结任务 result:{"retryCount":0,"successCount":0,"waitCount":0,"errorCount":0}
26-01-13.21:10:00.012 [scheduling-1    ] INFO  TradeSettlementOrderService - 拼团交易-执行结算通知任务
26-01-13.21:10:00.016 [scheduling-1    ] INFO  GroupBuyNotifyJob      - 定时任务，回调通知拼团完结任务 result:{"retryCount":0,"successCount":0,"waitCount":0,"errorCount":0}
26-01-13.21:10:15.006 [scheduling-1    ] INFO  TradeSettlementOrderService - 拼团交易-执行结算通知任务
26-01-13.21:10:15.009 [scheduling-1    ] INFO  GroupBuyNotifyJob      - 定时任务，回调通知拼团完结任务 result:{"retryCount":0,"successCount":0,"waitCount":0,"errorCount":0}
26-01-13.21:10:30.008 [scheduling-1    ] INFO  TradeSettlementOrderService - 拼团交易-执行结算通知任务
26-01-13.21:10:30.011 [scheduling-1    ] INFO  GroupBuyNotifyJob      - 定时任务，回调通知拼团完结任务 result:{"retryCount":0,"successCount":0,"waitCount":0,"errorCount":0}
26-01-13.21:10:45.001 [scheduling-1    ] INFO  TradeSettlementOrderService - 拼团交易-执行结算通知任务
26-01-13.21:10:45.004 [scheduling-1    ] INFO  GroupBuyNotifyJob      - 定时任务，回调通知拼团完结任务 result:{"retryCount":0,"successCount":0,"waitCount":0,"errorCount":0}
26-01-13.21:11:00.009 [scheduling-1    ] INFO  TradeSettlementOrderService - 拼团交易-执行结算通知任务
26-01-13.21:11:00.013 [scheduling-1    ] INFO  GroupBuyNotifyJob      - 定时任务，回调通知拼团完结任务 result:{"retryCount":0,"successCount":0,"waitCount":0,"errorCount":0}
26-01-13.21:11:15.014 [scheduling-1    ] INFO  TradeSettlementOrderService - 拼团交易-执行结算通知任务
26-01-13.21:11:15.017 [scheduling-1    ] INFO  GroupBuyNotifyJob      - 定时任务，回调通知拼团完结任务 result:{"retryCount":0,"successCount":0,"waitCount":0,"errorCount":0}
26-01-13.21:11:30.006 [scheduling-1    ] INFO  TradeSettlementOrderService - 拼团交易-执行结算通知任务
26-01-13.21:11:30.009 [scheduling-1    ] INFO  GroupBuyNotifyJob      - 定时任务，回调通知拼团完结任务 result:{"retryCount":0,"successCount":0,"waitCount":0,"errorCount":0}
26-01-13.21:11:45.016 [scheduling-1    ] INFO  TradeSettlementOrderService - 拼团交易-执行结算通知任务
26-01-13.21:11:45.019 [scheduling-1    ] INFO  GroupBuyNotifyJob      - 定时任务，回调通知拼团完结任务 result:{"retryCount":0,"successCount":0,"waitCount":0,"errorCount":0}
26-01-13.21:12:00.004 [scheduling-1    ] INFO  TradeSettlementOrderService - 拼团交易-执行结算通知任务
26-01-13.21:12:00.008 [scheduling-1    ] INFO  GroupBuyNotifyJob      - 定时任务，回调通知拼团完结任务 result:{"retryCount":0,"successCount":0,"waitCount":0,"errorCount":0}
26-01-13.21:12:15.016 [scheduling-1    ] INFO  TradeSettlementOrderService - 拼团交易-执行结算通知任务
26-01-13.21:12:15.021 [scheduling-1    ] INFO  GroupBuyNotifyJob      - 定时任务，回调通知拼团完结任务 result:{"retryCount":0,"successCount":0,"waitCount":0,"errorCount":0}
26-01-13.21:12:30.014 [scheduling-1    ] INFO  TradeSettlementOrderService - 拼团交易-执行结算通知任务
26-01-13.21:12:30.018 [scheduling-1    ] INFO  GroupBuyNotifyJob      - 定时任务，回调通知拼团完结任务 result:{"retryCount":0,"successCount":0,"waitCount":0,"errorCount":0}
26-01-13.21:12:45.003 [scheduling-1    ] INFO  TradeSettlementOrderService - 拼团交易-执行结算通知任务
26-01-13.21:12:45.007 [scheduling-1    ] INFO  GroupBuyNotifyJob      - 定时任务，回调通知拼团完结任务 result:{"retryCount":0,"successCount":0,"waitCount":0,"errorCount":0}
26-01-13.21:13:00.014 [scheduling-1    ] INFO  TradeSettlementOrderService - 拼团交易-执行结算通知任务
26-01-13.21:13:00.017 [scheduling-1    ] INFO  GroupBuyNotifyJob      - 定时任务，回调通知拼团完结任务 result:{"retryCount":0,"successCount":0,"waitCount":0,"errorCount":0}
26-01-13.21:13:15.010 [scheduling-1    ] INFO  TradeSettlementOrderService - 拼团交易-执行结算通知任务
26-01-13.21:13:15.014 [scheduling-1    ] INFO  GroupBuyNotifyJob      - 定时任务，回调通知拼团完结任务 result:{"retryCount":0,"successCount":0,"waitCount":0,"errorCount":0}
26-01-13.21:13:30.012 [scheduling-1    ] INFO  TradeSettlementOrderService - 拼团交易-执行结算通知任务
26-01-13.21:13:30.016 [scheduling-1    ] INFO  GroupBuyNotifyJob      - 定时任务，回调通知拼团完结任务 result:{"retryCount":0,"successCount":0,"waitCount":0,"errorCount":0}
26-01-13.21:13:45.004 [scheduling-1    ] INFO  TradeSettlementOrderService - 拼团交易-执行结算通知任务
26-01-13.21:13:45.008 [scheduling-1    ] INFO  GroupBuyNotifyJob      - 定时任务，回调通知拼团完结任务 result:{"retryCount":0,"successCount":0,"waitCount":0,"errorCount":0}
26-01-13.21:14:00.014 [scheduling-1    ] INFO  TradeSettlementOrderService - 拼团交易-执行结算通知任务
26-01-13.21:14:00.018 [scheduling-1    ] INFO  GroupBuyNotifyJob      - 定时任务，回调通知拼团完结任务 result:{"retryCount":0,"successCount":0,"waitCount":0,"errorCount":0}
26-01-13.21:14:15.005 [scheduling-1    ] INFO  TradeSettlementOrderService - 拼团交易-执行结算通知任务
26-01-13.21:14:15.012 [scheduling-1    ] INFO  GroupBuyNotifyJob      - 定时任务，回调通知拼团完结任务 result:{"retryCount":0,"successCount":0,"waitCount":0,"errorCount":0}
26-01-13.21:14:30.001 [scheduling-1    ] INFO  TradeSettlementOrderService - 拼团交易-执行结算通知任务
26-01-13.21:14:30.004 [scheduling-1    ] INFO  GroupBuyNotifyJob      - 定时任务，回调通知拼团完结任务 result:{"retryCount":0,"successCount":0,"waitCount":0,"errorCount":0}
26-01-13.21:14:45.012 [scheduling-1    ] INFO  TradeSettlementOrderService - 拼团交易-执行结算通知任务
26-01-13.21:14:45.015 [scheduling-1    ] INFO  GroupBuyNotifyJob      - 定时任务，回调通知拼团完结任务 result:{"retryCount":0,"successCount":0,"waitCount":0,"errorCount":0}
26-01-13.21:15:00.006 [scheduling-1    ] INFO  TradeSettlementOrderService - 拼团交易-执行结算通知任务
26-01-13.21:15:00.009 [scheduling-1    ] INFO  GroupBuyNotifyJob      - 定时任务，回调通知拼团完结任务 result:{"retryCount":0,"successCount":0,"waitCount":0,"errorCount":0}
26-01-13.21:15:15.009 [scheduling-1    ] INFO  TradeSettlementOrderService - 拼团交易-执行结算通知任务
26-01-13.21:15:15.013 [scheduling-1    ] INFO  GroupBuyNotifyJob      - 定时任务，回调通知拼团完结任务 result:{"retryCount":0,"successCount":0,"waitCount":0,"errorCount":0}
26-01-13.21:15:30.003 [scheduling-1    ] INFO  TradeSettlementOrderService - 拼团交易-执行结算通知任务
26-01-13.21:15:30.006 [scheduling-1    ] INFO  GroupBuyNotifyJob      - 定时任务，回调通知拼团完结任务 result:{"retryCount":0,"successCount":0,"waitCount":0,"errorCount":0}
26-01-13.21:15:45.007 [scheduling-1    ] INFO  TradeSettlementOrderService - 拼团交易-执行结算通知任务
26-01-13.21:15:45.011 [scheduling-1    ] INFO  GroupBuyNotifyJob      - 定时任务，回调通知拼团完结任务 result:{"retryCount":0,"successCount":0,"waitCount":0,"errorCount":0}
26-01-13.21:16:00.015 [scheduling-1    ] INFO  TradeSettlementOrderService - 拼团交易-执行结算通知任务
26-01-13.21:16:00.018 [scheduling-1    ] INFO  GroupBuyNotifyJob      - 定时任务，回调通知拼团完结任务 result:{"retryCount":0,"successCount":0,"waitCount":0,"errorCount":0}
26-01-13.21:16:15.015 [scheduling-1    ] INFO  TradeSettlementOrderService - 拼团交易-执行结算通知任务
26-01-13.21:16:15.019 [scheduling-1    ] INFO  GroupBuyNotifyJob      - 定时任务，回调通知拼团完结任务 result:{"retryCount":0,"successCount":0,"waitCount":0,"errorCount":0}
26-01-13.21:16:30.004 [scheduling-1    ] INFO  TradeSettlementOrderService - 拼团交易-执行结算通知任务
26-01-13.21:16:30.008 [scheduling-1    ] INFO  GroupBuyNotifyJob      - 定时任务，回调通知拼团完结任务 result:{"retryCount":0,"successCount":0,"waitCount":0,"errorCount":0}
26-01-13.21:16:45.012 [scheduling-1    ] INFO  TradeSettlementOrderService - 拼团交易-执行结算通知任务
26-01-13.21:16:45.015 [scheduling-1    ] INFO  GroupBuyNotifyJob      - 定时任务，回调通知拼团完结任务 result:{"retryCount":0,"successCount":0,"waitCount":0,"errorCount":0}
26-01-13.21:17:00.007 [scheduling-1    ] INFO  TradeSettlementOrderService - 拼团交易-执行结算通知任务
26-01-13.21:17:00.011 [scheduling-1    ] INFO  GroupBuyNotifyJob      - 定时任务，回调通知拼团完结任务 result:{"retryCount":0,"successCount":0,"waitCount":0,"errorCount":0}
26-01-13.21:17:15.009 [scheduling-1    ] INFO  TradeSettlementOrderService - 拼团交易-执行结算通知任务
26-01-13.21:17:15.013 [scheduling-1    ] INFO  GroupBuyNotifyJob      - 定时任务，回调通知拼团完结任务 result:{"retryCount":0,"successCount":0,"waitCount":0,"errorCount":0}
26-01-13.21:17:30.007 [scheduling-1    ] INFO  TradeSettlementOrderService - 拼团交易-执行结算通知任务
26-01-13.21:17:30.011 [scheduling-1    ] INFO  GroupBuyNotifyJob      - 定时任务，回调通知拼团完结任务 result:{"retryCount":0,"successCount":0,"waitCount":0,"errorCount":0}
26-01-13.21:17:45.010 [scheduling-1    ] INFO  TradeSettlementOrderService - 拼团交易-执行结算通知任务
26-01-13.21:17:45.014 [scheduling-1    ] INFO  GroupBuyNotifyJob      - 定时任务，回调通知拼团完结任务 result:{"retryCount":0,"successCount":0,"waitCount":0,"errorCount":0}
26-01-13.21:18:00.011 [scheduling-1    ] INFO  TradeSettlementOrderService - 拼团交易-执行结算通知任务
26-01-13.21:18:00.015 [scheduling-1    ] INFO  GroupBuyNotifyJob      - 定时任务，回调通知拼团完结任务 result:{"retryCount":0,"successCount":0,"waitCount":0,"errorCount":0}
26-01-13.21:18:15.004 [scheduling-1    ] INFO  TradeSettlementOrderService - 拼团交易-执行结算通知任务
26-01-13.21:18:15.010 [scheduling-1    ] INFO  GroupBuyNotifyJob      - 定时任务，回调通知拼团完结任务 result:{"retryCount":0,"successCount":0,"waitCount":0,"errorCount":0}
26-01-13.21:18:30.005 [scheduling-1    ] INFO  TradeSettlementOrderService - 拼团交易-执行结算通知任务
26-01-13.21:18:30.010 [scheduling-1    ] INFO  GroupBuyNotifyJob      - 定时任务，回调通知拼团完结任务 result:{"retryCount":0,"successCount":0,"waitCount":0,"errorCount":0}
26-01-13.21:18:45.006 [scheduling-1    ] INFO  TradeSettlementOrderService - 拼团交易-执行结算通知任务
26-01-13.21:18:45.010 [scheduling-1    ] INFO  GroupBuyNotifyJob      - 定时任务，回调通知拼团完结任务 result:{"retryCount":0,"successCount":0,"waitCount":0,"errorCount":0}
26-01-13.21:19:00.006 [scheduling-1    ] INFO  TradeSettlementOrderService - 拼团交易-执行结算通知任务
26-01-13.21:19:00.010 [scheduling-1    ] INFO  GroupBuyNotifyJob      - 定时任务，回调通知拼团完结任务 result:{"retryCount":0,"successCount":0,"waitCount":0,"errorCount":0}
26-01-13.21:19:15.010 [scheduling-1    ] INFO  TradeSettlementOrderService - 拼团交易-执行结算通知任务
26-01-13.21:19:15.013 [scheduling-1    ] INFO  GroupBuyNotifyJob      - 定时任务，回调通知拼团完结任务 result:{"retryCount":0,"successCount":0,"waitCount":0,"errorCount":0}
26-01-13.21:19:30.007 [scheduling-1    ] INFO  TradeSettlementOrderService - 拼团交易-执行结算通知任务
26-01-13.21:19:30.011 [scheduling-1    ] INFO  GroupBuyNotifyJob      - 定时任务，回调通知拼团完结任务 result:{"retryCount":0,"successCount":0,"waitCount":0,"errorCount":0}
26-01-13.21:19:45.003 [scheduling-1    ] INFO  TradeSettlementOrderService - 拼团交易-执行结算通知任务
26-01-13.21:19:45.007 [scheduling-1    ] INFO  GroupBuyNotifyJob      - 定时任务，回调通知拼团完结任务 result:{"retryCount":0,"successCount":0,"waitCount":0,"errorCount":0}
26-01-13.21:20:00.014 [scheduling-1    ] INFO  TradeSettlementOrderService - 拼团交易-执行结算通知任务
26-01-13.21:20:00.018 [scheduling-1    ] INFO  GroupBuyNotifyJob      - 定时任务，回调通知拼团完结任务 result:{"retryCount":0,"successCount":0,"waitCount":0,"errorCount":0}
26-01-13.21:20:15.005 [scheduling-1    ] INFO  TradeSettlementOrderService - 拼团交易-执行结算通知任务
26-01-13.21:20:15.009 [scheduling-1    ] INFO  GroupBuyNotifyJob      - 定时任务，回调通知拼团完结任务 result:{"retryCount":0,"successCount":0,"waitCount":0,"errorCount":0}
26-01-13.21:20:30.010 [scheduling-1    ] INFO  TradeSettlementOrderService - 拼团交易-执行结算通知任务
26-01-13.21:20:30.013 [scheduling-1    ] INFO  GroupBuyNotifyJob      - 定时任务，回调通知拼团完结任务 result:{"retryCount":0,"successCount":0,"waitCount":0,"errorCount":0}
26-01-13.21:20:35.120 [org.springframework.amqp.rabbit.RabbitListenerEndpointContainer#0-2] INFO  SimpleMessageListenerContainer - Waiting for workers to finish.
26-01-13.21:20:35.706 [org.springframework.amqp.rabbit.RabbitListenerEndpointContainer#0-2] INFO  SimpleMessageListenerContainer - Successfully waited for workers to finish.
26-01-13.21:20:36.555 [SpringApplicationShutdownHook] INFO  SimpleMessageListenerContainer - Shutdown ignored - container is already stopped
26-01-13.21:20:36.596 [SpringApplicationShutdownHook] INFO  HikariDataSource       - HikariPool-1 - Shutdown initiated...
26-01-13.21:20:36.633 [SpringApplicationShutdownHook] INFO  HikariDataSource       - HikariPool-1 - Shutdown completed.
